2025-04-20 16:41:37.150107 - Achat de PEPE pour 10 USDT
2025-04-20 16:41:37.151137 - Achat de TURBO pour 10 USDT
2025-04-20 16:41:37.152312 - Achat de DOGE pour 10 USDT
2025-04-20 16:41:37.153228 - Achat de SHIB pour 10 USDT
2025-04-20 16:41:37.154855 - Vente automatique de PEPE à perte (-10%)
2025-04-20 16:42:59.715772 - Achat de PEPE pour 10 USDT
2025-04-20 16:42:59.716485 - Achat de TURBO pour 10 USDT
2025-04-20 16:42:59.717099 - Achat de DOGE pour 10 USDT
2025-04-20 16:42:59.728799 - Achat de SHIB pour 10 USDT
2025-04-20 16:42:59.729792 - Vente automatique de PEPE à perte (-10%)
2025-04-20 16:47:36.908305 - Achat de PEPE pour 10 USDT
2025-04-20 16:47:36.928806 - Achat de TURBO pour 10 USDT
2025-04-20 16:47:36.929627 - Achat de DOGE pour 10 USDT
2025-04-20 16:47:36.930460 - Achat de SHIB pour 10 USDT
2025-04-20 16:47:36.931288 - Vente automatique de PEPE à perte (-10%)
2025-04-20 16:50:44.975398 - Achat de PEPE pour 10 USDT
2025-04-20 16:50:44.976235 - Achat de TURBO pour 10 USDT
2025-04-20 16:50:44.977059 - Achat de DOGE pour 10 USDT
2025-04-20 16:50:44.977841 - Achat de SHIB pour 10 USDT
2025-04-20 16:50:44.978742 - Vente automatique de PEPE à perte (-10%)
